<?xml version="1.0" encoding="UTF-8"?>
<testsuite xmlns:xsi="http://www.w3.org/2001/XMLSchema-instance" xsi:noNamespaceSchemaLocation="https://maven.apache.org/surefire/maven-surefire-plugin/xsd/surefire-test-report.xsd" name="com.bigdata.HelloApplicationTests" time="6.117" tests="1" errors="0" skipped="0" failures="0">
  <properties>
    <property name="sun.desktop" value="windows"/>
    <property name="awt.toolkit" value="sun.awt.windows.WToolkit"/>
    <property name="file.encoding.pkg" value="sun.io"/>
    <property name="java.specification.version" value="1.8"/>
    <property name="sun.cpu.isalist" value="amd64"/>
    <property name="sun.jnu.encoding" value="GBK"/>
    <property name="java.class.path" value="D:\book&amp;&amp;code\vegetables\target\test-classes;D:\book&amp;&amp;code\vegetables\target\classes;D:\repo\org\springframework\boot\spring-boot-starter-web\2.0.0.RELEASE\spring-boot-starter-web-2.0.0.RELEASE.jar;D:\repo\org\springframework\boot\spring-boot-starter\2.0.0.RELEASE\spring-boot-starter-2.0.0.RELEASE.jar;D:\repo\org\springframework\boot\spring-boot\2.0.0.RELEASE\spring-boot-2.0.0.RELEASE.jar;D:\repo\org\springframework\boot\spring-boot-autoconfigure\2.0.0.RELEASE\spring-boot-autoconfigure-2.0.0.RELEASE.jar;D:\repo\org\springframework\boot\spring-boot-starter-logging\2.0.0.RELEASE\spring-boot-starter-logging-2.0.0.RELEASE.jar;D:\repo\ch\qos\logback\logback-classic\1.2.3\logback-classic-1.2.3.jar;D:\repo\ch\qos\logback\logback-core\1.2.3\logback-core-1.2.3.jar;D:\repo\org\apache\logging\log4j\log4j-to-slf4j\2.10.0\log4j-to-slf4j-2.10.0.jar;D:\repo\org\apache\logging\log4j\log4j-api\2.10.0\log4j-api-2.10.0.jar;D:\repo\org\slf4j\jul-to-slf4j\1.7.25\jul-to-slf4j-1.7.25.jar;D:\repo\javax\annotation\javax.annotation-api\1.3.2\javax.annotation-api-1.3.2.jar;D:\repo\org\yaml\snakeyaml\1.19\snakeyaml-1.19.jar;D:\repo\org\springframework\boot\spring-boot-starter-json\2.0.0.RELEASE\spring-boot-starter-json-2.0.0.RELEASE.jar;D:\repo\com\fasterxml\jackson\datatype\jackson-datatype-jdk8\2.9.4\jackson-datatype-jdk8-2.9.4.jar;D:\repo\com\fasterxml\jackson\datatype\jackson-datatype-jsr310\2.9.4\jackson-datatype-jsr310-2.9.4.jar;D:\repo\com\fasterxml\jackson\module\jackson-module-parameter-names\2.9.4\jackson-module-parameter-names-2.9.4.jar;D:\repo\org\springframework\boot\spring-boot-starter-tomcat\2.0.0.RELEASE\spring-boot-starter-tomcat-2.0.0.RELEASE.jar;D:\repo\org\apache\tomcat\embed\tomcat-embed-core\8.5.28\tomcat-embed-core-8.5.28.jar;D:\repo\org\apache\tomcat\embed\tomcat-embed-el\8.5.28\tomcat-embed-el-8.5.28.jar;D:\repo\org\apache\tomcat\embed\tomcat-embed-websocket\8.5.28\tomcat-embed-websocket-8.5.28.jar;D:\repo\org\hibernate\validator\hibernate-validator\6.0.7.Final\hibernate-validator-6.0.7.Final.jar;D:\repo\javax\validation\validation-api\2.0.1.Final\validation-api-2.0.1.Final.jar;D:\repo\org\jboss\logging\jboss-logging\3.3.2.Final\jboss-logging-3.3.2.Final.jar;D:\repo\com\fasterxml\classmate\1.3.4\classmate-1.3.4.jar;D:\repo\org\springframework\spring-web\5.0.4.RELEASE\spring-web-5.0.4.RELEASE.jar;D:\repo\org\springframework\spring-webmvc\5.0.4.RELEASE\spring-webmvc-5.0.4.RELEASE.jar;D:\repo\org\springframework\boot\spring-boot-starter-test\2.0.0.RELEASE\spring-boot-starter-test-2.0.0.RELEASE.jar;D:\repo\org\springframework\boot\spring-boot-test\2.0.0.RELEASE\spring-boot-test-2.0.0.RELEASE.jar;D:\repo\org\springframework\boot\spring-boot-test-autoconfigure\2.0.0.RELEASE\spring-boot-test-autoconfigure-2.0.0.RELEASE.jar;D:\repo\com\jayway\jsonpath\json-path\2.4.0\json-path-2.4.0.jar;D:\repo\net\minidev\json-smart\2.3\json-smart-2.3.jar;D:\repo\net\minidev\accessors-smart\1.2\accessors-smart-1.2.jar;D:\repo\org\ow2\asm\asm\5.0.4\asm-5.0.4.jar;D:\repo\junit\junit\4.12\junit-4.12.jar;D:\repo\org\assertj\assertj-core\3.9.1\assertj-core-3.9.1.jar;D:\repo\org\mockito\mockito-core\2.15.0\mockito-core-2.15.0.jar;D:\repo\net\bytebuddy\byte-buddy\1.7.10\byte-buddy-1.7.10.jar;D:\repo\net\bytebuddy\byte-buddy-agent\1.7.10\byte-buddy-agent-1.7.10.jar;D:\repo\org\objenesis\objenesis\2.6\objenesis-2.6.jar;D:\repo\org\hamcrest\hamcrest-core\1.3\hamcrest-core-1.3.jar;D:\repo\org\hamcrest\hamcrest-library\1.3\hamcrest-library-1.3.jar;D:\repo\org\skyscreamer\jsonassert\1.5.0\jsonassert-1.5.0.jar;D:\repo\com\vaadin\external\google\android-json\0.0.20131108.vaadin1\android-json-0.0.20131108.vaadin1.jar;D:\repo\org\springframework\spring-core\5.0.4.RELEASE\spring-core-5.0.4.RELEASE.jar;D:\repo\org\springframework\spring-jcl\5.0.4.RELEASE\spring-jcl-5.0.4.RELEASE.jar;D:\repo\org\springframework\spring-test\5.0.4.RELEASE\spring-test-5.0.4.RELEASE.jar;D:\repo\org\xmlunit\xmlunit-core\2.5.1\xmlunit-core-2.5.1.jar;D:\repo\org\springframework\boot\spring-boot-configuration-processor\2.0.0.RELEASE\spring-boot-configuration-processor-2.0.0.RELEASE.jar;D:\repo\org\seleniumhq\selenium\selenium-java\3.0.1\selenium-java-3.0.1.jar;D:\repo\org\seleniumhq\selenium\selenium-edge-driver\3.9.1\selenium-edge-driver-3.9.1.jar;D:\repo\org\apache\httpcomponents\httpclient\4.5.5\httpclient-4.5.5.jar;D:\repo\org\apache\httpcomponents\httpcore\4.4.9\httpcore-4.4.9.jar;D:\repo\com\squareup\okio\okio\1.13.0\okio-1.13.0.jar;D:\repo\org\seleniumhq\selenium\selenium-firefox-driver\3.9.1\selenium-firefox-driver-3.9.1.jar;D:\repo\org\seleniumhq\selenium\selenium-ie-driver\3.9.1\selenium-ie-driver-3.9.1.jar;D:\repo\org\seleniumhq\selenium\selenium-opera-driver\3.9.1\selenium-opera-driver-3.9.1.jar;D:\repo\org\seleniumhq\selenium\selenium-safari-driver\3.9.1\selenium-safari-driver-3.9.1.jar;D:\repo\org\seleniumhq\selenium\selenium-support\3.9.1\selenium-support-3.9.1.jar;D:\repo\org\eclipse\jetty\websocket\websocket-client\9.4.8.v20171121\websocket-client-9.4.8.v20171121.jar;D:\repo\org\eclipse\jetty\jetty-client\9.4.8.v20171121\jetty-client-9.4.8.v20171121.jar;D:\repo\org\eclipse\jetty\jetty-http\9.4.8.v20171121\jetty-http-9.4.8.v20171121.jar;D:\repo\org\eclipse\jetty\jetty-xml\9.4.8.v20171121\jetty-xml-9.4.8.v20171121.jar;D:\repo\org\eclipse\jetty\jetty-util\9.4.8.v20171121\jetty-util-9.4.8.v20171121.jar;D:\repo\org\eclipse\jetty\jetty-io\9.4.8.v20171121\jetty-io-9.4.8.v20171121.jar;D:\repo\org\eclipse\jetty\websocket\websocket-common\9.4.8.v20171121\websocket-common-9.4.8.v20171121.jar;D:\repo\org\eclipse\jetty\websocket\websocket-api\9.4.8.v20171121\websocket-api-9.4.8.v20171121.jar;D:\repo\org\seleniumhq\selenium\selenium-chrome-driver\3.0.1\selenium-chrome-driver-3.0.1.jar;D:\repo\org\seleniumhq\selenium\selenium-remote-driver\3.0.1\selenium-remote-driver-3.0.1.jar;D:\repo\org\seleniumhq\selenium\selenium-api\3.9.1\selenium-api-3.9.1.jar;D:\repo\cglib\cglib-nodep\3.2.4\cglib-nodep-3.2.4.jar;D:\repo\com\google\code\gson\gson\2.8.2\gson-2.8.2.jar;D:\repo\org\apache\httpcomponents\httpmime\4.5.5\httpmime-4.5.5.jar;D:\repo\net\java\dev\jna\jna-platform\4.5.1\jna-platform-4.5.1.jar;D:\repo\net\java\dev\jna\jna\4.5.1\jna-4.5.1.jar;D:\repo\com\codeborne\phantomjsdriver\1.2.1\phantomjsdriver-1.2.1.jar;D:\repo\org\apache\commons\commons-exec\1.3\commons-exec-1.3.jar;D:\repo\net\sourceforge\htmlunit\htmlunit\2.27\htmlunit-2.27.jar;D:\repo\xalan\xalan\2.7.2\xalan-2.7.2.jar;D:\repo\xalan\serializer\2.7.2\serializer-2.7.2.jar;D:\repo\org\apache\commons\commons-lang3\3.7\commons-lang3-3.7.jar;D:\repo\net\sourceforge\htmlunit\htmlunit-core-js\2.27\htmlunit-core-js-2.27.jar;D:\repo\net\sourceforge\htmlunit\neko-htmlunit\2.27\neko-htmlunit-2.27.jar;D:\repo\xerces\xercesImpl\2.11.0\xercesImpl-2.11.0.jar;D:\repo\xml-apis\xml-apis\1.4.01\xml-apis-1.4.01.jar;D:\repo\net\sourceforge\cssparser\cssparser\0.9.23\cssparser-0.9.23.jar;D:\repo\org\w3c\css\sac\1.3\sac-1.3.jar;D:\repo\commons-io\commons-io\2.5\commons-io-2.5.jar;D:\repo\org\jsoup\jsoup\1.7.2\jsoup-1.7.2.jar;D:\repo\com\alibaba\fastjson\1.2.29\fastjson-1.2.29.jar;D:\repo\io\zipkin\brave\brave-spring-web-servlet-interceptor\4.0.6\brave-spring-web-servlet-interceptor-4.0.6.jar;D:\repo\io\zipkin\brave\brave-web-servlet-filter\4.0.6\brave-web-servlet-filter-4.0.6.jar;D:\repo\io\zipkin\brave\brave-spring-resttemplate-interceptors\4.0.6\brave-spring-resttemplate-interceptors-4.0.6.jar;D:\repo\io\zipkin\brave\brave-http\4.0.6\brave-http-4.0.6.jar;D:\repo\io\zipkin\brave\brave-core\4.0.6\brave-core-4.0.6.jar;D:\repo\io\zipkin\reporter\zipkin-sender-okhttp3\0.6.12\zipkin-sender-okhttp3-0.6.12.jar;D:\repo\io\zipkin\reporter\zipkin-reporter\0.6.12\zipkin-reporter-0.6.12.jar;D:\repo\com\squareup\okhttp3\okhttp\3.5.0\okhttp-3.5.0.jar;D:\repo\io\zipkin\java\zipkin\1.19.2\zipkin-1.19.2.jar;D:\repo\org\apache\hbase\hbase-client\1.2.6\hbase-client-1.2.6.jar;D:\repo\org\apache\hbase\hbase-annotations\1.2.6\hbase-annotations-1.2.6.jar;D:\repo\com\github\stephenc\findbugs\findbugs-annotations\1.3.9-1\findbugs-annotations-1.3.9-1.jar;D:\repo\org\apache\hbase\hbase-common\1.2.6\hbase-common-1.2.6.jar;D:\repo\org\apache\hbase\hbase-protocol\1.2.6\hbase-protocol-1.2.6.jar;D:\repo\commons-codec\commons-codec\1.11\commons-codec-1.11.jar;D:\repo\commons-lang\commons-lang\2.6\commons-lang-2.6.jar;D:\repo\commons-logging\commons-logging\1.2\commons-logging-1.2.jar;D:\repo\com\google\guava\guava\12.0.1\guava-12.0.1.jar;D:\repo\com\google\protobuf\protobuf-java\2.5.0\protobuf-java-2.5.0.jar;D:\repo\io\netty\netty-all\4.1.22.Final\netty-all-4.1.22.Final.jar;D:\repo\org\apache\zookeeper\zookeeper\3.4.6\zookeeper-3.4.6.jar;D:\repo\org\slf4j\slf4j-log4j12\1.7.25\slf4j-log4j12-1.7.25.jar;D:\repo\org\apache\htrace\htrace-core\3.1.0-incubating\htrace-core-3.1.0-incubating.jar;D:\repo\org\codehaus\jackson\jackson-mapper-asl\1.9.13\jackson-mapper-asl-1.9.13.jar;D:\repo\org\jruby\jcodings\jcodings\1.0.8\jcodings-1.0.8.jar;D:\repo\org\jruby\joni\joni\2.1.2\joni-2.1.2.jar;D:\repo\com\yammer\metrics\metrics-core\2.2.0\metrics-core-2.2.0.jar;D:\repo\org\apache\hadoop\hadoop-auth\2.5.1\hadoop-auth-2.5.1.jar;D:\repo\org\apache\directory\server\apacheds-kerberos-codec\2.0.0-M15\apacheds-kerberos-codec-2.0.0-M15.jar;D:\repo\org\apache\directory\server\apacheds-i18n\2.0.0-M15\apacheds-i18n-2.0.0-M15.jar;D:\repo\org\apache\directory\api\api-asn1-api\1.0.0-M20\api-asn1-api-1.0.0-M20.jar;D:\repo\org\apache\directory\api\api-util\1.0.0-M20\api-util-1.0.0-M20.jar;D:\repo\org\apache\hadoop\hadoop-common\2.5.1\hadoop-common-2.5.1.jar;D:\repo\org\apache\hadoop\hadoop-annotations\2.5.1\hadoop-annotations-2.5.1.jar;E:\Program Files\Java\jdk1.8.0_144\jre\..\lib\tools.jar;D:\repo\org\apache\commons\commons-math3\3.1.1\commons-math3-3.1.1.jar;D:\repo\xmlenc\xmlenc\0.52\xmlenc-0.52.jar;D:\repo\commons-net\commons-net\3.1\commons-net-3.1.jar;D:\repo\commons-el\commons-el\1.0\commons-el-1.0.jar;D:\repo\commons-configuration\commons-configuration\1.6\commons-configuration-1.6.jar;D:\repo\commons-digester\commons-digester\1.8\commons-digester-1.8.jar;D:\repo\commons-beanutils\commons-beanutils\1.7.0\commons-beanutils-1.7.0.jar;D:\repo\commons-beanutils\commons-beanutils-core\1.8.0\commons-beanutils-core-1.8.0.jar;D:\repo\org\apache\avro\avro\1.7.4\avro-1.7.4.jar;D:\repo\com\thoughtworks\paranamer\paranamer\2.3\paranamer-2.3.jar;D:\repo\org\xerial\snappy\snappy-java\1.0.4.1\snappy-java-1.0.4.1.jar;D:\repo\com\jcraft\jsch\0.1.42\jsch-0.1.42.jar;D:\repo\com\google\code\findbugs\jsr305\1.3.9\jsr305-1.3.9.jar;D:\repo\org\apache\commons\commons-compress\1.4.1\commons-compress-1.4.1.jar;D:\repo\org\tukaani\xz\1.0\xz-1.0.jar;D:\repo\org\apache\hadoop\hadoop-mapreduce-client-core\2.5.1\hadoop-mapreduce-client-core-2.5.1.jar;D:\repo\org\apache\hadoop\hadoop-yarn-common\2.5.1\hadoop-yarn-common-2.5.1.jar;D:\repo\javax\xml\bind\jaxb-api\2.3.0\jaxb-api-2.3.0.jar;D:\repo\io\netty\netty\3.6.2.Final\netty-3.6.2.Final.jar;D:\repo\org\springframework\data\spring-data-hadoop\2.5.0.RELEASE\spring-data-hadoop-2.5.0.RELEASE.jar;D:\repo\org\springframework\spring-beans\5.0.4.RELEASE\spring-beans-5.0.4.RELEASE.jar;D:\repo\org\springframework\spring-messaging\5.0.4.RELEASE\spring-messaging-5.0.4.RELEASE.jar;D:\repo\org\springframework\spring-context\5.0.4.RELEASE\spring-context-5.0.4.RELEASE.jar;D:\repo\org\springframework\spring-aop\5.0.4.RELEASE\spring-aop-5.0.4.RELEASE.jar;D:\repo\org\springframework\data\spring-data-hadoop-core\2.5.0.RELEASE\spring-data-hadoop-core-2.5.0.RELEASE.jar;D:\repo\org\apache\hadoop\hadoop-streaming\2.7.3\hadoop-streaming-2.7.3.jar;D:\repo\org\apache\hadoop\hadoop-distcp\2.7.3\hadoop-distcp-2.7.3.jar;D:\repo\org\apache\hadoop\hadoop-mapreduce-client-jobclient\2.7.3\hadoop-mapreduce-client-jobclient-2.7.3.jar;D:\repo\org\apache\hadoop\hadoop-mapreduce-client-common\2.7.3\hadoop-mapreduce-client-common-2.7.3.jar;D:\repo\org\apache\hadoop\hadoop-yarn-client\2.7.3\hadoop-yarn-client-2.7.3.jar;D:\repo\org\apache\hadoop\hadoop-yarn-server-common\2.7.3\hadoop-yarn-server-common-2.7.3.jar;D:\repo\org\apache\hadoop\hadoop-mapreduce-client-shuffle\2.7.3\hadoop-mapreduce-client-shuffle-2.7.3.jar;D:\repo\org\apache\hadoop\hadoop-yarn-server-nodemanager\2.7.3\hadoop-yarn-server-nodemanager-2.7.3.jar;D:\repo\javax\servlet\servlet-api\2.5\servlet-api-2.5.jar;D:\repo\com\sun\jersey\jersey-client\1.9\jersey-client-1.9.jar;D:\repo\com\sun\jersey\jersey-json\1.9\jersey-json-1.9.jar;D:\repo\com\sun\xml\bind\jaxb-impl\2.2.3-1\jaxb-impl-2.2.3-1.jar;D:\repo\org\codehaus\jackson\jackson-xc\1.8.3\jackson-xc-1.8.3.jar;D:\repo\com\sun\jersey\contribs\jersey-guice\1.9\jersey-guice-1.9.jar;D:\repo\org\fusesource\leveldbjni\leveldbjni-all\1.8\leveldbjni-all-1.8.jar;D:\repo\com\google\inject\extensions\guice-servlet\3.0\guice-servlet-3.0.jar;D:\repo\com\google\inject\guice\3.0\guice-3.0.jar;D:\repo\javax\inject\javax.inject\1\javax.inject-1.jar;D:\repo\aopalliance\aopalliance\1.0\aopalliance-1.0.jar;D:\repo\org\springframework\data\spring-data-hadoop-hive\2.5.0.RELEASE\spring-data-hadoop-hive-2.5.0.RELEASE.jar;D:\repo\org\springframework\batch\spring-batch-core\4.0.0.RELEASE\spring-batch-core-4.0.0.RELEASE.jar;D:\repo\javax\batch\javax.batch-api\1.0\javax.batch-api-1.0.jar;D:\repo\org\codehaus\jettison\jettison\1.2\jettison-1.2.jar;D:\repo\org\springframework\batch\spring-batch-infrastructure\4.0.0.RELEASE\spring-batch-infrastructure-4.0.0.RELEASE.jar;D:\repo\org\springframework\retry\spring-retry\1.2.2.RELEASE\spring-retry-1.2.2.RELEASE.jar;D:\repo\org\springframework\spring-context-support\5.0.4.RELEASE\spring-context-support-5.0.4.RELEASE.jar;D:\repo\org\springframework\spring-tx\5.0.4.RELEASE\spring-tx-5.0.4.RELEASE.jar;D:\repo\org\springframework\data\spring-data-hadoop-hbase\2.5.0.RELEASE\spring-data-hadoop-hbase-2.5.0.RELEASE.jar;D:\repo\org\springframework\spring-expression\5.0.4.RELEASE\spring-expression-5.0.4.RELEASE.jar;D:\repo\org\springframework\spring-jdbc\5.0.4.RELEASE\spring-jdbc-5.0.4.RELEASE.jar;D:\repo\org\springframework\data\spring-data-hadoop-pig\2.5.0.RELEASE\spring-data-hadoop-pig-2.5.0.RELEASE.jar;D:\repo\org\springframework\data\spring-data-hadoop-batch\2.5.0.RELEASE\spring-data-hadoop-batch-2.5.0.RELEASE.jar;D:\repo\org\apache\hbase\hbase-server\1.2.6\hbase-server-1.2.6.jar;D:\repo\org\apache\hbase\hbase-procedure\1.2.6\hbase-procedure-1.2.6.jar;D:\repo\org\apache\hbase\hbase-common\1.2.6\hbase-common-1.2.6-tests.jar;D:\repo\org\apache\hbase\hbase-prefix-tree\1.2.6\hbase-prefix-tree-1.2.6.jar;D:\repo\commons-httpclient\commons-httpclient\3.1\commons-httpclient-3.1.jar;D:\repo\commons-collections\commons-collections\3.2.2\commons-collections-3.2.2.jar;D:\repo\org\apache\hbase\hbase-hadoop-compat\1.2.6\hbase-hadoop-compat-1.2.6.jar;D:\repo\org\apache\hbase\hbase-hadoop2-compat\1.2.6\hbase-hadoop2-compat-1.2.6.jar;D:\repo\com\sun\jersey\jersey-core\1.9\jersey-core-1.9.jar;D:\repo\com\sun\jersey\jersey-server\1.9\jersey-server-1.9.jar;D:\repo\asm\asm\3.1\asm-3.1.jar;D:\repo\commons-cli\commons-cli\1.2\commons-cli-1.2.jar;D:\repo\org\apache\commons\commons-math\2.2\commons-math-2.2.jar;D:\repo\log4j\log4j\1.2.17\log4j-1.2.17.jar;D:\repo\org\mortbay\jetty\jetty\6.1.26\jetty-6.1.26.jar;D:\repo\org\mortbay\jetty\jetty-util\6.1.26\jetty-util-6.1.26.jar;D:\repo\org\mortbay\jetty\jetty-sslengine\6.1.26\jetty-sslengine-6.1.26.jar;D:\repo\org\mortbay\jetty\jsp-2.1\6.1.14\jsp-2.1-6.1.14.jar;D:\repo\org\mortbay\jetty\jsp-api-2.1\6.1.14\jsp-api-2.1-6.1.14.jar;D:\repo\org\mortbay\jetty\servlet-api-2.5\6.1.14\servlet-api-2.5-6.1.14.jar;D:\repo\org\codehaus\jackson\jackson-core-asl\1.9.13\jackson-core-asl-1.9.13.jar;D:\repo\org\codehaus\jackson\jackson-jaxrs\1.9.13\jackson-jaxrs-1.9.13.jar;D:\repo\tomcat\jasper-compiler\5.5.23\jasper-compiler-5.5.23.jar;D:\repo\tomcat\jasper-runtime\5.5.23\jasper-runtime-5.5.23.jar;D:\repo\org\jamon\jamon-runtime\2.4.1\jamon-runtime-2.4.1.jar;D:\repo\com\lmax\disruptor\3.3.0\disruptor-3.3.0.jar;D:\repo\org\apache\hadoop\hadoop-client\2.5.1\hadoop-client-2.5.1.jar;D:\repo\org\apache\hadoop\hadoop-mapreduce-client-app\2.5.1\hadoop-mapreduce-client-app-2.5.1.jar;D:\repo\org\apache\hadoop\hadoop-yarn-api\2.5.1\hadoop-yarn-api-2.5.1.jar;D:\repo\org\apache\hadoop\hadoop-hdfs\2.5.1\hadoop-hdfs-2.5.1.jar;D:\repo\commons-daemon\commons-daemon\1.0.13\commons-daemon-1.0.13.jar;D:\repo\com\belerweb\pinyin4j\2.5.0\pinyin4j-2.5.0.jar;D:\repo\org\springframework\data\spring-data-solr\3.0.5.RELEASE\spring-data-solr-3.0.5.RELEASE.jar;D:\repo\org\springframework\data\spring-data-commons\2.0.5.RELEASE\spring-data-commons-2.0.5.RELEASE.jar;D:\repo\org\apache\solr\solr-solrj\6.6.2\solr-solrj-6.6.2.jar;D:\repo\org\noggit\noggit\0.6\noggit-0.6.jar;D:\repo\com\fasterxml\jackson\core\jackson-databind\2.9.4\jackson-databind-2.9.4.jar;D:\repo\com\fasterxml\jackson\core\jackson-annotations\2.9.0\jackson-annotations-2.9.0.jar;D:\repo\com\fasterxml\jackson\core\jackson-core\2.9.4\jackson-core-2.9.4.jar;D:\repo\org\slf4j\slf4j-api\1.7.25\slf4j-api-1.7.25.jar;"/>
    <property name="java.vm.vendor" value="Oracle Corporation"/>
    <property name="sun.arch.data.model" value="64"/>
    <property name="user.variant" value=""/>
    <property name="java.vendor.url" value="http://java.oracle.com/"/>
    <property name="user.timezone" value=""/>
    <property name="java.vm.specification.version" value="1.8"/>
    <property name="os.name" value="Windows 7"/>
    <property name="user.country" value="CN"/>
    <property name="sun.java.launcher" value="SUN_STANDARD"/>
    <property name="sun.boot.library.path" value="E:\Program Files\Java\jdk1.8.0_144\jre\bin"/>
    <property name="sun.java.command" value="C:\Users\matthew\AppData\Local\Temp\surefire987963539740988593\surefirebooter3720289023252182420.jar C:\Users\matthew\AppData\Local\Temp\surefire987963539740988593 2018-05-07T15-46-40_999-jvmRun1 surefire2416065946209270267tmp surefire_06750558602423184148tmp"/>
    <property name="surefire.test.class.path" value="D:\book&amp;&amp;code\vegetables\target\test-classes;D:\book&amp;&amp;code\vegetables\target\classes;D:\repo\org\springframework\boot\spring-boot-starter-web\2.0.0.RELEASE\spring-boot-starter-web-2.0.0.RELEASE.jar;D:\repo\org\springframework\boot\spring-boot-starter\2.0.0.RELEASE\spring-boot-starter-2.0.0.RELEASE.jar;D:\repo\org\springframework\boot\spring-boot\2.0.0.RELEASE\spring-boot-2.0.0.RELEASE.jar;D:\repo\org\springframework\boot\spring-boot-autoconfigure\2.0.0.RELEASE\spring-boot-autoconfigure-2.0.0.RELEASE.jar;D:\repo\org\springframework\boot\spring-boot-starter-logging\2.0.0.RELEASE\spring-boot-starter-logging-2.0.0.RELEASE.jar;D:\repo\ch\qos\logback\logback-classic\1.2.3\logback-classic-1.2.3.jar;D:\repo\ch\qos\logback\logback-core\1.2.3\logback-core-1.2.3.jar;D:\repo\org\apache\logging\log4j\log4j-to-slf4j\2.10.0\log4j-to-slf4j-2.10.0.jar;D:\repo\org\apache\logging\log4j\log4j-api\2.10.0\log4j-api-2.10.0.jar;D:\repo\org\slf4j\jul-to-slf4j\1.7.25\jul-to-slf4j-1.7.25.jar;D:\repo\javax\annotation\javax.annotation-api\1.3.2\javax.annotation-api-1.3.2.jar;D:\repo\org\yaml\snakeyaml\1.19\snakeyaml-1.19.jar;D:\repo\org\springframework\boot\spring-boot-starter-json\2.0.0.RELEASE\spring-boot-starter-json-2.0.0.RELEASE.jar;D:\repo\com\fasterxml\jackson\datatype\jackson-datatype-jdk8\2.9.4\jackson-datatype-jdk8-2.9.4.jar;D:\repo\com\fasterxml\jackson\datatype\jackson-datatype-jsr310\2.9.4\jackson-datatype-jsr310-2.9.4.jar;D:\repo\com\fasterxml\jackson\module\jackson-module-parameter-names\2.9.4\jackson-module-parameter-names-2.9.4.jar;D:\repo\org\springframework\boot\spring-boot-starter-tomcat\2.0.0.RELEASE\spring-boot-starter-tomcat-2.0.0.RELEASE.jar;D:\repo\org\apache\tomcat\embed\tomcat-embed-core\8.5.28\tomcat-embed-core-8.5.28.jar;D:\repo\org\apache\tomcat\embed\tomcat-embed-el\8.5.28\tomcat-embed-el-8.5.28.jar;D:\repo\org\apache\tomcat\embed\tomcat-embed-websocket\8.5.28\tomcat-embed-websocket-8.5.28.jar;D:\repo\org\hibernate\validator\hibernate-validator\6.0.7.Final\hibernate-validator-6.0.7.Final.jar;D:\repo\javax\validation\validation-api\2.0.1.Final\validation-api-2.0.1.Final.jar;D:\repo\org\jboss\logging\jboss-logging\3.3.2.Final\jboss-logging-3.3.2.Final.jar;D:\repo\com\fasterxml\classmate\1.3.4\classmate-1.3.4.jar;D:\repo\org\springframework\spring-web\5.0.4.RELEASE\spring-web-5.0.4.RELEASE.jar;D:\repo\org\springframework\spring-webmvc\5.0.4.RELEASE\spring-webmvc-5.0.4.RELEASE.jar;D:\repo\org\springframework\boot\spring-boot-starter-test\2.0.0.RELEASE\spring-boot-starter-test-2.0.0.RELEASE.jar;D:\repo\org\springframework\boot\spring-boot-test\2.0.0.RELEASE\spring-boot-test-2.0.0.RELEASE.jar;D:\repo\org\springframework\boot\spring-boot-test-autoconfigure\2.0.0.RELEASE\spring-boot-test-autoconfigure-2.0.0.RELEASE.jar;D:\repo\com\jayway\jsonpath\json-path\2.4.0\json-path-2.4.0.jar;D:\repo\net\minidev\json-smart\2.3\json-smart-2.3.jar;D:\repo\net\minidev\accessors-smart\1.2\accessors-smart-1.2.jar;D:\repo\org\ow2\asm\asm\5.0.4\asm-5.0.4.jar;D:\repo\junit\junit\4.12\junit-4.12.jar;D:\repo\org\assertj\assertj-core\3.9.1\assertj-core-3.9.1.jar;D:\repo\org\mockito\mockito-core\2.15.0\mockito-core-2.15.0.jar;D:\repo\net\bytebuddy\byte-buddy\1.7.10\byte-buddy-1.7.10.jar;D:\repo\net\bytebuddy\byte-buddy-agent\1.7.10\byte-buddy-agent-1.7.10.jar;D:\repo\org\objenesis\objenesis\2.6\objenesis-2.6.jar;D:\repo\org\hamcrest\hamcrest-core\1.3\hamcrest-core-1.3.jar;D:\repo\org\hamcrest\hamcrest-library\1.3\hamcrest-library-1.3.jar;D:\repo\org\skyscreamer\jsonassert\1.5.0\jsonassert-1.5.0.jar;D:\repo\com\vaadin\external\google\android-json\0.0.20131108.vaadin1\android-json-0.0.20131108.vaadin1.jar;D:\repo\org\springframework\spring-core\5.0.4.RELEASE\spring-core-5.0.4.RELEASE.jar;D:\repo\org\springframework\spring-jcl\5.0.4.RELEASE\spring-jcl-5.0.4.RELEASE.jar;D:\repo\org\springframework\spring-test\5.0.4.RELEASE\spring-test-5.0.4.RELEASE.jar;D:\repo\org\xmlunit\xmlunit-core\2.5.1\xmlunit-core-2.5.1.jar;D:\repo\org\springframework\boot\spring-boot-configuration-processor\2.0.0.RELEASE\spring-boot-configuration-processor-2.0.0.RELEASE.jar;D:\repo\org\seleniumhq\selenium\selenium-java\3.0.1\selenium-java-3.0.1.jar;D:\repo\org\seleniumhq\selenium\selenium-edge-driver\3.9.1\selenium-edge-driver-3.9.1.jar;D:\repo\org\apache\httpcomponents\httpclient\4.5.5\httpclient-4.5.5.jar;D:\repo\org\apache\httpcomponents\httpcore\4.4.9\httpcore-4.4.9.jar;D:\repo\com\squareup\okio\okio\1.13.0\okio-1.13.0.jar;D:\repo\org\seleniumhq\selenium\selenium-firefox-driver\3.9.1\selenium-firefox-driver-3.9.1.jar;D:\repo\org\seleniumhq\selenium\selenium-ie-driver\3.9.1\selenium-ie-driver-3.9.1.jar;D:\repo\org\seleniumhq\selenium\selenium-opera-driver\3.9.1\selenium-opera-driver-3.9.1.jar;D:\repo\org\seleniumhq\selenium\selenium-safari-driver\3.9.1\selenium-safari-driver-3.9.1.jar;D:\repo\org\seleniumhq\selenium\selenium-support\3.9.1\selenium-support-3.9.1.jar;D:\repo\org\eclipse\jetty\websocket\websocket-client\9.4.8.v20171121\websocket-client-9.4.8.v20171121.jar;D:\repo\org\eclipse\jetty\jetty-client\9.4.8.v20171121\jetty-client-9.4.8.v20171121.jar;D:\repo\org\eclipse\jetty\jetty-http\9.4.8.v20171121\jetty-http-9.4.8.v20171121.jar;D:\repo\org\eclipse\jetty\jetty-xml\9.4.8.v20171121\jetty-xml-9.4.8.v20171121.jar;D:\repo\org\eclipse\jetty\jetty-util\9.4.8.v20171121\jetty-util-9.4.8.v20171121.jar;D:\repo\org\eclipse\jetty\jetty-io\9.4.8.v20171121\jetty-io-9.4.8.v20171121.jar;D:\repo\org\eclipse\jetty\websocket\websocket-common\9.4.8.v20171121\websocket-common-9.4.8.v20171121.jar;D:\repo\org\eclipse\jetty\websocket\websocket-api\9.4.8.v20171121\websocket-api-9.4.8.v20171121.jar;D:\repo\org\seleniumhq\selenium\selenium-chrome-driver\3.0.1\selenium-chrome-driver-3.0.1.jar;D:\repo\org\seleniumhq\selenium\selenium-remote-driver\3.0.1\selenium-remote-driver-3.0.1.jar;D:\repo\org\seleniumhq\selenium\selenium-api\3.9.1\selenium-api-3.9.1.jar;D:\repo\cglib\cglib-nodep\3.2.4\cglib-nodep-3.2.4.jar;D:\repo\com\google\code\gson\gson\2.8.2\gson-2.8.2.jar;D:\repo\org\apache\httpcomponents\httpmime\4.5.5\httpmime-4.5.5.jar;D:\repo\net\java\dev\jna\jna-platform\4.5.1\jna-platform-4.5.1.jar;D:\repo\net\java\dev\jna\jna\4.5.1\jna-4.5.1.jar;D:\repo\com\codeborne\phantomjsdriver\1.2.1\phantomjsdriver-1.2.1.jar;D:\repo\org\apache\commons\commons-exec\1.3\commons-exec-1.3.jar;D:\repo\net\sourceforge\htmlunit\htmlunit\2.27\htmlunit-2.27.jar;D:\repo\xalan\xalan\2.7.2\xalan-2.7.2.jar;D:\repo\xalan\serializer\2.7.2\serializer-2.7.2.jar;D:\repo\org\apache\commons\commons-lang3\3.7\commons-lang3-3.7.jar;D:\repo\net\sourceforge\htmlunit\htmlunit-core-js\2.27\htmlunit-core-js-2.27.jar;D:\repo\net\sourceforge\htmlunit\neko-htmlunit\2.27\neko-htmlunit-2.27.jar;D:\repo\xerces\xercesImpl\2.11.0\xercesImpl-2.11.0.jar;D:\repo\xml-apis\xml-apis\1.4.01\xml-apis-1.4.01.jar;D:\repo\net\sourceforge\cssparser\cssparser\0.9.23\cssparser-0.9.23.jar;D:\repo\org\w3c\css\sac\1.3\sac-1.3.jar;D:\repo\commons-io\commons-io\2.5\commons-io-2.5.jar;D:\repo\org\jsoup\jsoup\1.7.2\jsoup-1.7.2.jar;D:\repo\com\alibaba\fastjson\1.2.29\fastjson-1.2.29.jar;D:\repo\io\zipkin\brave\brave-spring-web-servlet-interceptor\4.0.6\brave-spring-web-servlet-interceptor-4.0.6.jar;D:\repo\io\zipkin\brave\brave-web-servlet-filter\4.0.6\brave-web-servlet-filter-4.0.6.jar;D:\repo\io\zipkin\brave\brave-spring-resttemplate-interceptors\4.0.6\brave-spring-resttemplate-interceptors-4.0.6.jar;D:\repo\io\zipkin\brave\brave-http\4.0.6\brave-http-4.0.6.jar;D:\repo\io\zipkin\brave\brave-core\4.0.6\brave-core-4.0.6.jar;D:\repo\io\zipkin\reporter\zipkin-sender-okhttp3\0.6.12\zipkin-sender-okhttp3-0.6.12.jar;D:\repo\io\zipkin\reporter\zipkin-reporter\0.6.12\zipkin-reporter-0.6.12.jar;D:\repo\com\squareup\okhttp3\okhttp\3.5.0\okhttp-3.5.0.jar;D:\repo\io\zipkin\java\zipkin\1.19.2\zipkin-1.19.2.jar;D:\repo\org\apache\hbase\hbase-client\1.2.6\hbase-client-1.2.6.jar;D:\repo\org\apache\hbase\hbase-annotations\1.2.6\hbase-annotations-1.2.6.jar;D:\repo\com\github\stephenc\findbugs\findbugs-annotations\1.3.9-1\findbugs-annotations-1.3.9-1.jar;D:\repo\org\apache\hbase\hbase-common\1.2.6\hbase-common-1.2.6.jar;D:\repo\org\apache\hbase\hbase-protocol\1.2.6\hbase-protocol-1.2.6.jar;D:\repo\commons-codec\commons-codec\1.11\commons-codec-1.11.jar;D:\repo\commons-lang\commons-lang\2.6\commons-lang-2.6.jar;D:\repo\commons-logging\commons-logging\1.2\commons-logging-1.2.jar;D:\repo\com\google\guava\guava\12.0.1\guava-12.0.1.jar;D:\repo\com\google\protobuf\protobuf-java\2.5.0\protobuf-java-2.5.0.jar;D:\repo\io\netty\netty-all\4.1.22.Final\netty-all-4.1.22.Final.jar;D:\repo\org\apache\zookeeper\zookeeper\3.4.6\zookeeper-3.4.6.jar;D:\repo\org\slf4j\slf4j-log4j12\1.7.25\slf4j-log4j12-1.7.25.jar;D:\repo\org\apache\htrace\htrace-core\3.1.0-incubating\htrace-core-3.1.0-incubating.jar;D:\repo\org\codehaus\jackson\jackson-mapper-asl\1.9.13\jackson-mapper-asl-1.9.13.jar;D:\repo\org\jruby\jcodings\jcodings\1.0.8\jcodings-1.0.8.jar;D:\repo\org\jruby\joni\joni\2.1.2\joni-2.1.2.jar;D:\repo\com\yammer\metrics\metrics-core\2.2.0\metrics-core-2.2.0.jar;D:\repo\org\apache\hadoop\hadoop-auth\2.5.1\hadoop-auth-2.5.1.jar;D:\repo\org\apache\directory\server\apacheds-kerberos-codec\2.0.0-M15\apacheds-kerberos-codec-2.0.0-M15.jar;D:\repo\org\apache\directory\server\apacheds-i18n\2.0.0-M15\apacheds-i18n-2.0.0-M15.jar;D:\repo\org\apache\directory\api\api-asn1-api\1.0.0-M20\api-asn1-api-1.0.0-M20.jar;D:\repo\org\apache\directory\api\api-util\1.0.0-M20\api-util-1.0.0-M20.jar;D:\repo\org\apache\hadoop\hadoop-common\2.5.1\hadoop-common-2.5.1.jar;D:\repo\org\apache\hadoop\hadoop-annotations\2.5.1\hadoop-annotations-2.5.1.jar;E:\Program Files\Java\jdk1.8.0_144\jre\..\lib\tools.jar;D:\repo\org\apache\commons\commons-math3\3.1.1\commons-math3-3.1.1.jar;D:\repo\xmlenc\xmlenc\0.52\xmlenc-0.52.jar;D:\repo\commons-net\commons-net\3.1\commons-net-3.1.jar;D:\repo\commons-el\commons-el\1.0\commons-el-1.0.jar;D:\repo\commons-configuration\commons-configuration\1.6\commons-configuration-1.6.jar;D:\repo\commons-digester\commons-digester\1.8\commons-digester-1.8.jar;D:\repo\commons-beanutils\commons-beanutils\1.7.0\commons-beanutils-1.7.0.jar;D:\repo\commons-beanutils\commons-beanutils-core\1.8.0\commons-beanutils-core-1.8.0.jar;D:\repo\org\apache\avro\avro\1.7.4\avro-1.7.4.jar;D:\repo\com\thoughtworks\paranamer\paranamer\2.3\paranamer-2.3.jar;D:\repo\org\xerial\snappy\snappy-java\1.0.4.1\snappy-java-1.0.4.1.jar;D:\repo\com\jcraft\jsch\0.1.42\jsch-0.1.42.jar;D:\repo\com\google\code\findbugs\jsr305\1.3.9\jsr305-1.3.9.jar;D:\repo\org\apache\commons\commons-compress\1.4.1\commons-compress-1.4.1.jar;D:\repo\org\tukaani\xz\1.0\xz-1.0.jar;D:\repo\org\apache\hadoop\hadoop-mapreduce-client-core\2.5.1\hadoop-mapreduce-client-core-2.5.1.jar;D:\repo\org\apache\hadoop\hadoop-yarn-common\2.5.1\hadoop-yarn-common-2.5.1.jar;D:\repo\javax\xml\bind\jaxb-api\2.3.0\jaxb-api-2.3.0.jar;D:\repo\io\netty\netty\3.6.2.Final\netty-3.6.2.Final.jar;D:\repo\org\springframework\data\spring-data-hadoop\2.5.0.RELEASE\spring-data-hadoop-2.5.0.RELEASE.jar;D:\repo\org\springframework\spring-beans\5.0.4.RELEASE\spring-beans-5.0.4.RELEASE.jar;D:\repo\org\springframework\spring-messaging\5.0.4.RELEASE\spring-messaging-5.0.4.RELEASE.jar;D:\repo\org\springframework\spring-context\5.0.4.RELEASE\spring-context-5.0.4.RELEASE.jar;D:\repo\org\springframework\spring-aop\5.0.4.RELEASE\spring-aop-5.0.4.RELEASE.jar;D:\repo\org\springframework\data\spring-data-hadoop-core\2.5.0.RELEASE\spring-data-hadoop-core-2.5.0.RELEASE.jar;D:\repo\org\apache\hadoop\hadoop-streaming\2.7.3\hadoop-streaming-2.7.3.jar;D:\repo\org\apache\hadoop\hadoop-distcp\2.7.3\hadoop-distcp-2.7.3.jar;D:\repo\org\apache\hadoop\hadoop-mapreduce-client-jobclient\2.7.3\hadoop-mapreduce-client-jobclient-2.7.3.jar;D:\repo\org\apache\hadoop\hadoop-mapreduce-client-common\2.7.3\hadoop-mapreduce-client-common-2.7.3.jar;D:\repo\org\apache\hadoop\hadoop-yarn-client\2.7.3\hadoop-yarn-client-2.7.3.jar;D:\repo\org\apache\hadoop\hadoop-yarn-server-common\2.7.3\hadoop-yarn-server-common-2.7.3.jar;D:\repo\org\apache\hadoop\hadoop-mapreduce-client-shuffle\2.7.3\hadoop-mapreduce-client-shuffle-2.7.3.jar;D:\repo\org\apache\hadoop\hadoop-yarn-server-nodemanager\2.7.3\hadoop-yarn-server-nodemanager-2.7.3.jar;D:\repo\javax\servlet\servlet-api\2.5\servlet-api-2.5.jar;D:\repo\com\sun\jersey\jersey-client\1.9\jersey-client-1.9.jar;D:\repo\com\sun\jersey\jersey-json\1.9\jersey-json-1.9.jar;D:\repo\com\sun\xml\bind\jaxb-impl\2.2.3-1\jaxb-impl-2.2.3-1.jar;D:\repo\org\codehaus\jackson\jackson-xc\1.8.3\jackson-xc-1.8.3.jar;D:\repo\com\sun\jersey\contribs\jersey-guice\1.9\jersey-guice-1.9.jar;D:\repo\org\fusesource\leveldbjni\leveldbjni-all\1.8\leveldbjni-all-1.8.jar;D:\repo\com\google\inject\extensions\guice-servlet\3.0\guice-servlet-3.0.jar;D:\repo\com\google\inject\guice\3.0\guice-3.0.jar;D:\repo\javax\inject\javax.inject\1\javax.inject-1.jar;D:\repo\aopalliance\aopalliance\1.0\aopalliance-1.0.jar;D:\repo\org\springframework\data\spring-data-hadoop-hive\2.5.0.RELEASE\spring-data-hadoop-hive-2.5.0.RELEASE.jar;D:\repo\org\springframework\batch\spring-batch-core\4.0.0.RELEASE\spring-batch-core-4.0.0.RELEASE.jar;D:\repo\javax\batch\javax.batch-api\1.0\javax.batch-api-1.0.jar;D:\repo\org\codehaus\jettison\jettison\1.2\jettison-1.2.jar;D:\repo\org\springframework\batch\spring-batch-infrastructure\4.0.0.RELEASE\spring-batch-infrastructure-4.0.0.RELEASE.jar;D:\repo\org\springframework\retry\spring-retry\1.2.2.RELEASE\spring-retry-1.2.2.RELEASE.jar;D:\repo\org\springframework\spring-context-support\5.0.4.RELEASE\spring-context-support-5.0.4.RELEASE.jar;D:\repo\org\springframework\spring-tx\5.0.4.RELEASE\spring-tx-5.0.4.RELEASE.jar;D:\repo\org\springframework\data\spring-data-hadoop-hbase\2.5.0.RELEASE\spring-data-hadoop-hbase-2.5.0.RELEASE.jar;D:\repo\org\springframework\spring-expression\5.0.4.RELEASE\spring-expression-5.0.4.RELEASE.jar;D:\repo\org\springframework\spring-jdbc\5.0.4.RELEASE\spring-jdbc-5.0.4.RELEASE.jar;D:\repo\org\springframework\data\spring-data-hadoop-pig\2.5.0.RELEASE\spring-data-hadoop-pig-2.5.0.RELEASE.jar;D:\repo\org\springframework\data\spring-data-hadoop-batch\2.5.0.RELEASE\spring-data-hadoop-batch-2.5.0.RELEASE.jar;D:\repo\org\apache\hbase\hbase-server\1.2.6\hbase-server-1.2.6.jar;D:\repo\org\apache\hbase\hbase-procedure\1.2.6\hbase-procedure-1.2.6.jar;D:\repo\org\apache\hbase\hbase-common\1.2.6\hbase-common-1.2.6-tests.jar;D:\repo\org\apache\hbase\hbase-prefix-tree\1.2.6\hbase-prefix-tree-1.2.6.jar;D:\repo\commons-httpclient\commons-httpclient\3.1\commons-httpclient-3.1.jar;D:\repo\commons-collections\commons-collections\3.2.2\commons-collections-3.2.2.jar;D:\repo\org\apache\hbase\hbase-hadoop-compat\1.2.6\hbase-hadoop-compat-1.2.6.jar;D:\repo\org\apache\hbase\hbase-hadoop2-compat\1.2.6\hbase-hadoop2-compat-1.2.6.jar;D:\repo\com\sun\jersey\jersey-core\1.9\jersey-core-1.9.jar;D:\repo\com\sun\jersey\jersey-server\1.9\jersey-server-1.9.jar;D:\repo\asm\asm\3.1\asm-3.1.jar;D:\repo\commons-cli\commons-cli\1.2\commons-cli-1.2.jar;D:\repo\org\apache\commons\commons-math\2.2\commons-math-2.2.jar;D:\repo\log4j\log4j\1.2.17\log4j-1.2.17.jar;D:\repo\org\mortbay\jetty\jetty\6.1.26\jetty-6.1.26.jar;D:\repo\org\mortbay\jetty\jetty-util\6.1.26\jetty-util-6.1.26.jar;D:\repo\org\mortbay\jetty\jetty-sslengine\6.1.26\jetty-sslengine-6.1.26.jar;D:\repo\org\mortbay\jetty\jsp-2.1\6.1.14\jsp-2.1-6.1.14.jar;D:\repo\org\mortbay\jetty\jsp-api-2.1\6.1.14\jsp-api-2.1-6.1.14.jar;D:\repo\org\mortbay\jetty\servlet-api-2.5\6.1.14\servlet-api-2.5-6.1.14.jar;D:\repo\org\codehaus\jackson\jackson-core-asl\1.9.13\jackson-core-asl-1.9.13.jar;D:\repo\org\codehaus\jackson\jackson-jaxrs\1.9.13\jackson-jaxrs-1.9.13.jar;D:\repo\tomcat\jasper-compiler\5.5.23\jasper-compiler-5.5.23.jar;D:\repo\tomcat\jasper-runtime\5.5.23\jasper-runtime-5.5.23.jar;D:\repo\org\jamon\jamon-runtime\2.4.1\jamon-runtime-2.4.1.jar;D:\repo\com\lmax\disruptor\3.3.0\disruptor-3.3.0.jar;D:\repo\org\apache\hadoop\hadoop-client\2.5.1\hadoop-client-2.5.1.jar;D:\repo\org\apache\hadoop\hadoop-mapreduce-client-app\2.5.1\hadoop-mapreduce-client-app-2.5.1.jar;D:\repo\org\apache\hadoop\hadoop-yarn-api\2.5.1\hadoop-yarn-api-2.5.1.jar;D:\repo\org\apache\hadoop\hadoop-hdfs\2.5.1\hadoop-hdfs-2.5.1.jar;D:\repo\commons-daemon\commons-daemon\1.0.13\commons-daemon-1.0.13.jar;D:\repo\com\belerweb\pinyin4j\2.5.0\pinyin4j-2.5.0.jar;D:\repo\org\springframework\data\spring-data-solr\3.0.5.RELEASE\spring-data-solr-3.0.5.RELEASE.jar;D:\repo\org\springframework\data\spring-data-commons\2.0.5.RELEASE\spring-data-commons-2.0.5.RELEASE.jar;D:\repo\org\apache\solr\solr-solrj\6.6.2\solr-solrj-6.6.2.jar;D:\repo\org\noggit\noggit\0.6\noggit-0.6.jar;D:\repo\com\fasterxml\jackson\core\jackson-databind\2.9.4\jackson-databind-2.9.4.jar;D:\repo\com\fasterxml\jackson\core\jackson-annotations\2.9.0\jackson-annotations-2.9.0.jar;D:\repo\com\fasterxml\jackson\core\jackson-core\2.9.4\jackson-core-2.9.4.jar;D:\repo\org\slf4j\slf4j-api\1.7.25\slf4j-api-1.7.25.jar;"/>
    <property name="sun.cpu.endian" value="little"/>
    <property name="user.home" value="C:\Users\matthew"/>
    <property name="user.language" value="zh"/>
    <property name="java.specification.vendor" value="Oracle Corporation"/>
    <property name="java.home" value="E:\Program Files\Java\jdk1.8.0_144\jre"/>
    <property name="basedir" value="D:\book&amp;&amp;code\vegetables"/>
    <property name="file.separator" value="\"/>
    <property name="line.separator" value="&#10;"/>
    <property name="java.vm.specification.vendor" value="Oracle Corporation"/>
    <property name="java.specification.name" value="Java Platform API Specification"/>
    <property name="java.awt.graphicsenv" value="sun.awt.Win32GraphicsEnvironment"/>
    <property name="surefire.real.class.path" value="C:\Users\matthew\AppData\Local\Temp\surefire987963539740988593\surefirebooter3720289023252182420.jar"/>
    <property name="sun.boot.class.path" value="E:\Program Files\Java\jdk1.8.0_144\jre\lib\resources.jar;E:\Program Files\Java\jdk1.8.0_144\jre\lib\rt.jar;E:\Program Files\Java\jdk1.8.0_144\jre\lib\sunrsasign.jar;E:\Program Files\Java\jdk1.8.0_144\jre\lib\jsse.jar;E:\Program Files\Java\jdk1.8.0_144\jre\lib\jce.jar;E:\Program Files\Java\jdk1.8.0_144\jre\lib\charsets.jar;E:\Program Files\Java\jdk1.8.0_144\jre\lib\jfr.jar;E:\Program Files\Java\jdk1.8.0_144\jre\classes"/>
    <property name="user.script" value=""/>
    <property name="sun.management.compiler" value="HotSpot 64-Bit Tiered Compilers"/>
    <property name="java.runtime.version" value="1.8.0_144-b01"/>
    <property name="user.name" value="matthew"/>
    <property name="path.separator" value=";"/>
    <property name="os.version" value="6.1"/>
    <property name="java.endorsed.dirs" value="E:\Program Files\Java\jdk1.8.0_144\jre\lib\endorsed"/>
    <property name="java.runtime.name" value="Java(TM) SE Runtime Environment"/>
    <property name="file.encoding" value="GBK"/>
    <property name="java.vm.name" value="Java HotSpot(TM) 64-Bit Server VM"/>
    <property name="localRepository" value="D:\repo"/>
    <property name="java.vendor.url.bug" value="http://bugreport.sun.com/bugreport/"/>
    <property name="java.io.tmpdir" value="C:\Users\matthew\AppData\Local\Temp\"/>
    <property name="idea.version" value="2017.2.3"/>
    <property name="java.version" value="1.8.0_144"/>
    <property name="user.dir" value="D:\book&amp;&amp;code\vegetables"/>
    <property name="os.arch" value="amd64"/>
    <property name="java.vm.specification.name" value="Java Virtual Machine Specification"/>
    <property name="java.awt.printerjob" value="sun.awt.windows.WPrinterJob"/>
    <property name="sun.os.patch.level" value="Service Pack 1"/>
    <property name="java.library.path" value="E:\Program Files\Java\jdk1.8.0_144\jre\bin;C:\Windows\Sun\Java\bin;C:\Windows\system32;C:\Windows;E:\Program Files\Python36\Scripts\;E:\Program Files\Python36\;C:\ProgramData\Oracle\Java\javapath;C:\Windows\system32;C:\Windows;C:\Windows\System32\Wbem;C:\Windows\System32\WindowsPowerShell\v1.0\;E:\Program Files\Java\jdk1.8.0_144\bin;E:\Program Files\ATI Technologies\ATI.ACE\Core-Static;E:\Program Files\TortoiseSVN\bin;E:\Program Files (x86)\jboss-as-web-7.0.2.Finalbin;D:\developer\apache-maven-3.5.3\bin;C:\Program Files (x86)\Google\Chrome\Application;e:\Program Files (x86)\Tesseract-OCR;C:\Program Files (x86)\Windows Kits\8.1\Windows Performance Toolkit\;F:\Program Files (x86)\scala\bin;F:\hadoop\bin;."/>
    <property name="java.vm.info" value="mixed mode"/>
    <property name="java.vendor" value="Oracle Corporation"/>
    <property name="java.vm.version" value="25.144-b01"/>
    <property name="java.ext.dirs" value="E:\Program Files\Java\jdk1.8.0_144\jre\lib\ext;C:\Windows\Sun\Java\lib\ext"/>
    <property name="sun.io.unicode.encoding" value="UnicodeLittle"/>
    <property name="java.class.version" value="52.0"/>
  </properties>
  <testcase name="contextLoads" classname="com.bigdata.HelloApplicationTests" time="0.112"/>
</testsuite>